[INFO] Scanning for projects...
[INFO] 
[INFO] ---------------------< com.exam:exam-registration >---------------------
[INFO] Building exam-registration 0.0.1-SNAPSHOT
[INFO]   from pom.xml
[INFO] --------------------------------[ jar ]---------------------------------
[INFO] 
[INFO] --- clean:3.3.2:clean (default-clean) @ exam-registration ---
[INFO] Deleting C:\Users\proha\Desktop\oose\exam-registration\target
[INFO] 
[INFO] --- resources:3.3.1:resources (default-resources) @ exam-registration ---
[INFO] Copying 1 resource from src\main\resources to target\classes
[INFO] Copying 11 resources from src\main\resources to target\classes
[INFO] 
[INFO] --- compiler:3.11.0:compile (default-compile) @ exam-registration ---
[INFO] Changes detected - recompiling the module! :source
[INFO] Compiling 18 source files with javac [debug release 17] to target\classes
[INFO] 
[INFO] --- resources:3.3.1:testResources (default-testResources) @ exam-registration ---
[INFO] skip non existing resourceDirectory C:\Users\proha\Desktop\oose\exam-registration\src\test\resources
[INFO] 
[INFO] --- compiler:3.11.0:testCompile (default-testCompile) @ exam-registration ---
[INFO] No sources to compile
[INFO] 
[INFO] --- surefire:3.1.2:test (default-test) @ exam-registration ---
[INFO] Tests are skipped.
[INFO] 
[INFO] --- jar:3.3.0:jar (default-jar) @ exam-registration ---
[INFO] Building jar: C:\Users\proha\Desktop\oose\exam-registration\target\exam-registration-0.0.1-SNAPSHOT.jar
[INFO] 
[INFO] --- spring-boot:3.2.4:repackage (repackage) @ exam-registration ---
[INFO] Replacing main artifact C:\Users\proha\Desktop\oose\exam-registration\target\exam-registration-0.0.1-SNAPSHOT.jar with repackaged archive, adding nested dependencies in BOOT-INF/.
[INFO] The original artifact has been renamed to C:\Users\proha\Desktop\oose\exam-registration\target\exam-registration-0.0.1-SNAPSHOT.jar.original
[INFO] ------------------------------------------------------------------------
[INFO] BUILD SUCCESS
[INFO] ------------------------------------------------------------------------
[INFO] Total time:  6.598 s
[INFO] Finished at: 2026-03-15T23:13:22+05:30
[INFO] ------------------------------------------------------------------------
