
  .   ____          _            __ _ _
 /\\ / ___'_ __ _ _(_)_ __  __ _ \ \ \ \
( ( )\___ | '_ | '_| | '_ \/ _` | \ \ \ \
 \\/  ___)| |_)| | | | | || (_| |  ) ) ) )
  '  |____| .__|_| |_|_| |_\__, | / / / /
 =========|_|==============|___/=/_/_/_/
 :: Spring Boot ::                (v3.2.4)

2026-03-15T23:13:37.136+05:30  INFO 4544 --- [exam-registration] [           main] com.exam.ExamRegistrationApplication     : Starting ExamRegistrationApplication v0.0.1-SNAPSHOT using Java 21.0.10 with PID 4544 (C:\Users\proha\Desktop\oose\exam-registration\target\exam-registration-0.0.1-SNAPSHOT.jar started by proha in C:\Users\proha\Desktop\oose\exam-registration)
2026-03-15T23:13:37.140+05:30  INFO 4544 --- [exam-registration] [           main] com.exam.ExamRegistrationApplication     : No active profile set, falling back to 1 default profile: "default"
2026-03-15T23:13:38.431+05:30  INFO 4544 --- [exam-registration] [           main] .s.d.r.c.RepositoryConfigurationDelegate : Bootstrapping Spring Data JPA repositories in DEFAULT mode.
2026-03-15T23:13:38.543+05:30  INFO 4544 --- [exam-registration] [           main] .s.d.r.c.RepositoryConfigurationDelegate : Finished Spring Data repository scanning in 97 ms. Found 6 JPA repository interfaces.
2026-03-15T23:13:39.461+05:30  INFO 4544 --- [exam-registration] [           main] o.s.b.w.embedded.tomcat.TomcatWebServer  : Tomcat initialized with port 8080 (http)
2026-03-15T23:13:39.480+05:30  INFO 4544 --- [exam-registration] [           main] o.apache.catalina.core.StandardService   : Starting service [Tomcat]
2026-03-15T23:13:39.480+05:30  INFO 4544 --- [exam-registration] [           main] o.apache.catalina.core.StandardEngine    : Starting Servlet engine: [Apache Tomcat/10.1.19]
2026-03-15T23:13:39.574+05:30  INFO 4544 --- [exam-registration] [           main] o.a.c.c.C.[Tomcat].[localhost].[/]       : Initializing Spring embedded WebApplicationContext
2026-03-15T23:13:39.575+05:30  INFO 4544 --- [exam-registration] [           main] w.s.c.ServletWebServerApplicationContext : Root WebApplicationContext: initialization completed in 2294 ms
2026-03-15T23:13:39.895+05:30  INFO 4544 --- [exam-registration] [           main] o.hibernate.jpa.internal.util.LogHelper  : HHH000204: Processing PersistenceUnitInfo [name: default]
2026-03-15T23:13:39.987+05:30  INFO 4544 --- [exam-registration] [           main] org.hibernate.Version                    : HHH000412: Hibernate ORM core version 6.4.4.Final
2026-03-15T23:13:40.031+05:30  INFO 4544 --- [exam-registration] [           main] o.h.c.internal.RegionFactoryInitiator    : HHH000026: Second-level cache disabled
2026-03-15T23:13:40.356+05:30  INFO 4544 --- [exam-registration] [           main] o.s.o.j.p.SpringPersistenceUnitInfo      : No LoadTimeWeaver setup: ignoring JPA class transformer
2026-03-15T23:13:40.403+05:30  INFO 4544 --- [exam-registration] [           main] com.zaxxer.hikari.HikariDataSource       : HikariPool-1 - Starting...
2026-03-15T23:13:43.490+05:30  INFO 4544 --- [exam-registration] [           main] com.zaxxer.hikari.pool.HikariPool        : HikariPool-1 - Added connection org.postgresql.jdbc.PgConnection@464ede1f
2026-03-15T23:13:43.493+05:30  INFO 4544 --- [exam-registration] [           main] com.zaxxer.hikari.HikariDataSource       : HikariPool-1 - Start completed.
2026-03-15T23:13:43.747+05:30  WARN 4544 --- [exam-registration] [           main] org.hibernate.orm.deprecation            : HHH90000025: PostgreSQLDialect does not need to be specified explicitly using 'hibernate.dialect' (remove the property setting and it will be selected by default)
2026-03-15T23:13:45.484+05:30  INFO 4544 --- [exam-registration] [           main] o.h.e.t.j.p.i.JtaPlatformInitiator       : HHH000489: No JTA platform available (set 'hibernate.transaction.jta.platform' to enable JTA platform integration)
Hibernate: create table admin (id bigserial not null, password varchar(255), username varchar(255), primary key (id))
Hibernate: create table arrear (id bigserial not null, semester_failed integer, student_id bigint, subject_code varchar(255), subject_name varchar(255), primary key (id))
Hibernate: create table exam_registration (registration_id bigserial not null, hall_ticket_generated boolean, payment_status varchar(255), semester integer, student_id bigint, subjects_selected varchar(255), total_subjects integer, primary key (registration_id))
Hibernate: create table payment (id bigserial not null, amount float(53), registration_id bigint, status varchar(255), student_id bigint, transaction_id varchar(255), primary key (id))
Hibernate: create table student (id bigserial not null, current_semester integer, department varchar(255), name varchar(255), password varchar(255), register_no varchar(255), username varchar(255), primary key (id))
Hibernate: create table subject (id bigserial not null, semester integer, subject_code varchar(255), subject_name varchar(255), primary key (id))
2026-03-15T23:13:47.316+05:30  INFO 4544 --- [exam-registration] [           main] j.LocalContainerEntityManagerFactoryBean : Initialized JPA EntityManagerFactory for persistence unit 'default'
2026-03-15T23:13:48.034+05:30  INFO 4544 --- [exam-registration] [           main] o.s.d.j.r.query.QueryEnhancerFactory     : Hibernate is in classpath; If applicable, HQL parser will be used.
2026-03-15T23:13:48.235+05:30  WARN 4544 --- [exam-registration] [           main] JpaBaseConfiguration$JpaWebConfiguration : spring.jpa.open-in-view is enabled by default. Therefore, database queries may be performed during view rendering. Explicitly configure spring.jpa.open-in-view to disable this warning
2026-03-15T23:13:52.230+05:30  INFO 4544 --- [exam-registration] [           main] o.s.b.w.embedded.tomcat.TomcatWebServer  : Tomcat started on port 8080 (http) with context path ''
2026-03-15T23:13:52.246+05:30  INFO 4544 --- [exam-registration] [           main] com.exam.ExamRegistrationApplication     : Started ExamRegistrationApplication in 15.891 seconds (process running for 16.955)
^C2026-03-15T23:14:16.326+05:30  INFO 4544 --- [exam-registration] [ionShutdownHook] j.LocalContainerEntityManagerFactoryBean : Closing JPA EntityManagerFactory for persistence unit 'default'
2026-03-15T23:14:16.330+05:30  INFO 4544 --- [exam-registration] [ionShutdownHook] com.zaxxer.hikari.HikariDataSource       : HikariPool-1 - Shutdown initiated...
2026-03-15T23:14:18.010+05:30  INFO 4544 --- [exam-registration] [ionShutdownHook] com.zaxxer.hikari.HikariDataSource       : HikariPool-1 - Shutdown completed.
